<?xml version="1.0" encoding="UTF-8"?>
<!-- Generated by org.testng.reporters.JUnitXMLReporter -->
<testsuite hostname="DESKTOP-2347AA" ignored="0" name="Test" tests="3" failures="0" timestamp="24 Oct 2019 15:29:47 GMT" time="420.973" errors="0">
  <testcase name="Test1" time="88.221" classname="ver.AutomationTalks.demoProject1.TestClass1"/>
  <testcase name="Test2" time="178.497" classname="ver.AutomationTalks.demoProject1.TestClass1"/>
  <testcase name="Test3" time="121.813" classname="ver.AutomationTalks.demoProject1.TestClass1"/>
</testsuite> <!-- Test -->
